c:\users\albin\source\repos\cpu\cpu\x64\debug\vc141.pdb
c:\users\albin\source\repos\cpu\cpu\x64\debug\vc141.idb
c:\users\albin\source\repos\cpu\cpu\x64\debug\main.obj
c:\users\albin\nixietubedisplay\computer\cpu\cpu\x64\debug\vc141.pdb
c:\users\albin\nixietubedisplay\computer\cpu\cpu\x64\debug\vc141.idb
c:\users\albin\nixietubedisplay\computer\cpu\cpu\x64\debug\cpu.obj
c:\users\albin\source\repos\cpu\x64\debug\cpu.exe
c:\users\albin\source\repos\cpu\x64\debug\cpu.ilk
c:\users\albin\source\repos\cpu\x64\debug\cpu.pdb
c:\users\albin\nixietubedisplay\computer\cpu\x64\debug\cpu.exe
c:\users\albin\nixietubedisplay\computer\cpu\x64\debug\cpu.ilk
c:\users\albin\nixietubedisplay\computer\cpu\x64\debug\cpu.pdb
c:\users\albin\nixietubedisplay\computer\cpu\cpu\x64\debug\main.obj
c:\users\albin\nixietubedisplay\computer\cpu\cpu\x64\debug\main.obj.enc
c:\users\albin\nixietubedisplay\computer\cpu\cpu\x64\debug\cpu.tlog\cl.command.1.tlog
c:\users\albin\nixietubedisplay\computer\cpu\cpu\x64\debug\cpu.tlog\cl.read.1.tlog
c:\users\albin\nixietubedisplay\computer\cpu\cpu\x64\debug\cpu.tlog\cl.write.1.tlog
c:\users\albin\nixietubedisplay\computer\cpu\cpu\x64\debug\cpu.tlog\link.command.1.tlog
c:\users\albin\nixietubedisplay\computer\cpu\cpu\x64\debug\cpu.tlog\link.read.1.tlog
c:\users\albin\nixietubedisplay\computer\cpu\cpu\x64\debug\cpu.tlog\link.write.1.tlog
